<?xml version="1.0" encoding="UTF-8"?>
<!-- Generated by org.testng.reporters.JUnitReportReporter -->
<testsuite name="AccountControllerTest" tests="36" time="0.279" ignored="0" failures="0" timestamp="10 مار 2017 15:56:08 GMT" skipped="0" hostname="AMr" errors="0">
  <testcase name="Login" time="0.002" classname="AccountControllerTest"/>
  <testcase name="Login" time="0.003" classname="AccountControllerTest"/>
  <testcase name="Login" time="0.002" classname="AccountControllerTest"/>
  <testcase name="Login" time="0.003" classname="AccountControllerTest"/>
  <testcase name="Login" time="0.002" classname="AccountControllerTest"/>
  <testcase name="Login" time="0.008" classname="AccountControllerTest"/>
  <testcase name="Login" time="0.002" classname="AccountControllerTest"/>
  <testcase name="Login" time="0.005" classname="AccountControllerTest"/>
  <testcase name="Login" time="0.007" classname="AccountControllerTest"/>
  <testcase name="Login" time="0.002" classname="AccountControllerTest"/>
  <testcase name="Login" time="0.005" classname="AccountControllerTest"/>
  <testcase name="Login" time="0.006" classname="AccountControllerTest"/>
  <testcase name="Login" time="0.010" classname="AccountControllerTest"/>
  <testcase name="Login" time="0.002" classname="AccountControllerTest"/>
  <testcase name="Login" time="0.004" classname="AccountControllerTest"/>
  <testcase name="Login" time="0.002" classname="AccountControllerTest"/>
  <testcase name="Login" time="0.006" classname="AccountControllerTest"/>
  <testcase name="Login" time="0.003" classname="AccountControllerTest"/>
  <testcase name="Login" time="0.018" classname="AccountControllerTest"/>
  <testcase name="Login" time="0.013" classname="AccountControllerTest"/>
  <testcase name="Login" time="0.006" classname="AccountControllerTest"/>
  <testcase name="Login" time="0.002" classname="AccountControllerTest"/>
  <testcase name="Login" time="0.054" classname="AccountControllerTest"/>
  <testcase name="Login" time="0.011" classname="AccountControllerTest"/>
  <testcase name="Login" time="0.005" classname="AccountControllerTest"/>
  <testcase name="Login" time="0.005" classname="AccountControllerTest"/>
  <testcase name="Login" time="0.007" classname="AccountControllerTest"/>
  <testcase name="Login" time="0.002" classname="AccountControllerTest"/>
  <testcase name="Login" time="0.003" classname="AccountControllerTest"/>
  <testcase name="Login" time="0.002" classname="AccountControllerTest"/>
  <testcase name="Login" time="0.010" classname="AccountControllerTest"/>
  <testcase name="Login" time="0.005" classname="AccountControllerTest"/>
  <testcase name="Login" time="0.056" classname="AccountControllerTest"/>
  <testcase name="Login" time="0.002" classname="AccountControllerTest"/>
  <testcase name="Login" time="0.002" classname="AccountControllerTest"/>
  <testcase name="Login" time="0.002" classname="AccountControllerTest"/>
</testsuite> <!-- AccountControllerTest -->
